<?xml version="1.0" encoding="UTF-8"?>
<!-- Generated by org.testng.reporters.JUnitReportReporter -->
<testsuite skipped="0" hostname="DESKTOP-TFKS6P7" name="com.mercury.testcases.TC4" tests="1" failures="0" timestamp="2020-06-24T14:04:55 BST" time="4.098" errors="0">
  <testcase name="testContinuetoReserve" time="4.098" classname="com.mercury.testcases.TC4"/>
  <system-out>
Continue button clicked to find flights. Continue to flights snapshot taken/saved. Continue to reservation snapshot taken/saved.  </system-out>
</testsuite> <!-- com.mercury.testcases.TC4 -->
