<?xml version="1.0" encoding="UTF-8"?>
<!-- Generated by org.testng.reporters.JUnitReportReporter -->
<testsuite skipped="0" hostname="DESKTOP-TFKS6P7" name="com.mercury.testcases.TC9" tests="1" failures="0" timestamp="2020-06-24T14:04:55 BST" time="5.150" errors="0">
  <testcase name="testpurchaseandvalidation" time="5.150" classname="com.mercury.testcases.TC9"/>
  <system-out>
Purchase confirmation  screenshot taken/saved. Purchase has been successful. Purchase Validation done. Returned to home screen.  </system-out>
</testsuite> <!-- com.mercury.testcases.TC9 -->
