<?xml version="1.0" encoding="UTF-8"?>
<!-- Generated by org.testng.reporters.JUnitReportReporter -->
<testsuite skipped="0" hostname="DESKTOP-TFKS6P7" name="com.mercury.testcases.TC6" tests="1" failures="0" timestamp="2020-06-24T14:04:55 BST" time="3.556" errors="0">
  <testcase name="testcreditcard" time="3.556" classname="com.mercury.testcases.TC6"/>
  <system-out>
Credit card details furnished.  </system-out>
</testsuite> <!-- com.mercury.testcases.TC6 -->
