<?xml version="1.0" encoding="UTF-8"?>
<!-- Generated by org.testng.reporters.JUnitReportReporter -->
<testsuite skipped="0" hostname="DESKTOP-TFKS6P7" name="com.mercury.testcases.TC1" tests="1" failures="0" timestamp="2020-06-24T14:04:55 BST" time="6.949" errors="0">
  <testcase name="testLogin" time="6.949" classname="com.mercury.testcases.TC1"/>
  <system-out>
User successfully logged in. Signin Screenshot taken.  </system-out>
</testsuite> <!-- com.mercury.testcases.TC1 -->
