<?xml version="1.0" encoding="UTF-8"?>
<!-- Generated by org.testng.reporters.JUnitReportReporter -->
<testsuite skipped="0" hostname="DESKTOP-TFKS6P7" name="com.mercury.testcases.TC8" tests="1" failures="0" timestamp="2020-06-24T14:04:55 BST" time="7.257" errors="0">
  <testcase name="testdeliveryaddress" time="7.257" classname="com.mercury.testcases.TC8"/>
  <system-out>
Delivery address furnised. Alert accepted. Same as billing address option clicked. Book flight screenshot taken/saved.  </system-out>
</testsuite> <!-- com.mercury.testcases.TC8 -->
