<?xml version="1.0" encoding="UTF-8"?>
<!-- Generated by org.testng.reporters.JUnitReportReporter -->
<testsuite skipped="0" hostname="DESKTOP-TFKS6P7" name="com.mercury.testcases.TC7" tests="1" failures="0" timestamp="2020-06-24T14:04:55 BST" time="3.706" errors="0">
  <testcase name="testbillingaddress" time="3.706" classname="com.mercury.testcases.TC7"/>
  <system-out>
Billing address furnised.  </system-out>
</testsuite> <!-- com.mercury.testcases.TC7 -->
